2026-07-20 17:51:44 [error]: Activity log failed: Activity validation failed: action: `profile` is not a valid enum value for path `action`.
2026-07-20 17:53:33 [error]: MissingSchemaError: Schema hasn't been registered for model "Document".
Use mongoose.model(name, schema)
    at NativeConnection.model (D:\kagazaat\Memora-AI\backend\node_modules\mongoose\lib\connection.js:1497:13)
    at _getModelFromConn (D:\kagazaat\Memora-AI\backend\node_modules\mongoose\lib\helpers\populate\getModelsMapForPopulate.js:579:15)
    at addModelNamesToMap (D:\kagazaat\Memora-AI\backend\node_modules\mongoose\lib\helpers\populate\getModelsMapForPopulate.js:507:17)
    at getModelsMapForPopulate (D:\kagazaat\Memora-AI\backend\node_modules\mongoose\lib\helpers\populate\getModelsMapForPopulate.js:208:7)
    at _populatePath (D:\kagazaat\Memora-AI\backend\node_modules\mongoose\lib\model.js:4492:21)
    at model.populate (D:\kagazaat\Memora-AI\backend\node_modules\mongoose\lib\model.js:4459:21)
    at model.Query._find (D:\kagazaat\Memora-AI\backend\node_modules\mongoose\lib\query.js:2452:23)
    at processTicksAndRejections (node:internal/process/task_queues:103:5)
    at model.Query.exec (D:\kagazaat\Memora-AI\backend\node_modules\mongoose\lib\query.js:4627:63)
    at D:\kagazaat\Memora-AI\backend\controllers\timeline.controller.js:22:22
2026-07-20 17:53:33 [error]: MissingSchemaError: Schema hasn't been registered for model "Document".
Use mongoose.model(name, schema)
    at NativeConnection.model (D:\kagazaat\Memora-AI\backend\node_modules\mongoose\lib\connection.js:1497:13)
    at _getModelFromConn (D:\kagazaat\Memora-AI\backend\node_modules\mongoose\lib\helpers\populate\getModelsMapForPopulate.js:579:15)
    at addModelNamesToMap (D:\kagazaat\Memora-AI\backend\node_modules\mongoose\lib\helpers\populate\getModelsMapForPopulate.js:507:17)
    at getModelsMapForPopulate (D:\kagazaat\Memora-AI\backend\node_modules\mongoose\lib\helpers\populate\getModelsMapForPopulate.js:208:7)
    at _populatePath (D:\kagazaat\Memora-AI\backend\node_modules\mongoose\lib\model.js:4492:21)
    at model.populate (D:\kagazaat\Memora-AI\backend\node_modules\mongoose\lib\model.js:4459:21)
    at model.Query._find (D:\kagazaat\Memora-AI\backend\node_modules\mongoose\lib\query.js:2452:23)
    at processTicksAndRejections (node:internal/process/task_queues:103:5)
    at model.Query.exec (D:\kagazaat\Memora-AI\backend\node_modules\mongoose\lib\query.js:4627:63)
    at D:\kagazaat\Memora-AI\backend\controllers\timeline.controller.js:22:22
2026-07-20 17:55:16 [error]: Activity log failed: Operation interrupted because client was closed
2026-07-20 17:58:39 [error]: Activity log failed: Operation interrupted because client was closed
2026-07-20 17:58:40 [error]: Activity log failed: Operation interrupted because client was closed
